<?xml version="1.0" encoding="UTF-8"?>
<coverage generated="1710955168956" clover="3.2.0">
  <project timestamp="1710955168956" name="All files">
    <metrics statements="39" coveredstatements="3" conditionals="4" coveredconditionals="0" methods="19" coveredmethods="2" elements="62" coveredelements="5" complexity="0" loc="39" ncloc="39" packages="1" files="6" classes="6"/>
    <file name="App.jsx" path="C:\UBB - University\Sem 4\MPP\MPP Lab 1\Lab1\src\App.jsx">
      <metrics statements="2" coveredstatements="0" conditionals="0" coveredconditionals="0" methods="1" coveredmethods="0"/>
      <line num="11" count="0" type="stmt"/>
      <line num="13" count="0" type="stmt"/>
    </file>
    <file name="ProductAdd.jsx" path="C:\UBB - University\Sem 4\MPP\MPP Lab 1\Lab1\src\ProductAdd.jsx">
      <metrics statements="8" coveredstatements="0" conditionals="0" coveredconditionals="0" methods="4" coveredmethods="0"/>
      <line num="4" count="0" type="stmt"/>
      <line num="6" count="0" type="stmt"/>
      <line num="13" count="0" type="stmt"/>
      <line num="14" count="0" type="stmt"/>
      <line num="17" count="0" type="stmt"/>
      <line num="18" count="0" type="stmt"/>
      <line num="21" count="0" type="stmt"/>
      <line num="66" count="0" type="stmt"/>
    </file>
    <file name="ProductDetails.jsx" path="C:\UBB - University\Sem 4\MPP\MPP Lab 1\Lab1\src\ProductDetails.jsx">
      <metrics statements="6" coveredstatements="0" conditionals="2" coveredconditionals="0" methods="2" coveredmethods="0"/>
      <line num="5" count="0" type="stmt"/>
      <line num="6" count="0" type="stmt"/>
      <line num="7" count="0" type="stmt"/>
      <line num="9" count="0" type="cond" truecount="0" falsecount="2"/>
      <line num="10" count="0" type="stmt"/>
      <line num="13" count="0" type="stmt"/>
    </file>
    <file name="ProductEdit.jsx" path="C:\UBB - University\Sem 4\MPP\MPP Lab 1\Lab1\src\ProductEdit.jsx">
      <metrics statements="16" coveredstatements="0" conditionals="2" coveredconditionals="0" methods="7" coveredmethods="0"/>
      <line num="5" count="0" type="stmt"/>
      <line num="6" count="0" type="stmt"/>
      <line num="7" count="0" type="stmt"/>
      <line num="16" count="0" type="stmt"/>
      <line num="17" count="0" type="stmt"/>
      <line num="18" count="0" type="stmt"/>
      <line num="21" count="0" type="stmt"/>
      <line num="22" count="0" type="stmt"/>
      <line num="26" count="0" type="stmt"/>
      <line num="27" count="0" type="stmt"/>
      <line num="28" count="0" type="cond" truecount="0" falsecount="2"/>
      <line num="29" count="0" type="stmt"/>
      <line num="31" count="0" type="stmt"/>
      <line num="33" count="0" type="stmt"/>
      <line num="37" count="0" type="stmt"/>
      <line num="82" count="0" type="stmt"/>
    </file>
    <file name="Table.jsx" path="C:\UBB - University\Sem 4\MPP\MPP Lab 1\Lab1\src\Table.jsx">
      <metrics statements="6" coveredstatements="3" conditionals="0" coveredconditionals="0" methods="5" coveredmethods="2"/>
      <line num="11" count="6" type="stmt"/>
      <line num="12" count="0" type="stmt"/>
      <line num="13" count="0" type="stmt"/>
      <line num="16" count="6" type="stmt"/>
      <line num="30" count="15" type="stmt"/>
      <line num="44" count="0" type="stmt"/>
    </file>
    <file name="main.jsx" path="C:\UBB - University\Sem 4\MPP\MPP Lab 1\Lab1\src\main.jsx">
      <metrics statements="1" coveredstatements="0" conditionals="0" coveredconditionals="0" methods="0" coveredmethods="0"/>
      <line num="10" count="0" type="stmt"/>
    </file>
  </project>
</coverage>
