{"C:\\UBB - University\\Sem 4\\MPP\\MPP Lab 1\\Lab1\\src\\App.jsx": {"path":"C:\\UBB - University\\Sem 4\\MPP\\MPP Lab 1\\Lab1\\src\\App.jsx","statementMap":{"0":{"start":{"line":11,"column":28},"end":{"line":11,"column":49}},"1":{"start":{"line":13,"column":2},"end":{"line":22,"column":3}}},"fnMap":{"0":{"name":"App","decl":{"start":{"line":10,"column":9},"end":{"line":10,"column":12}},"loc":{"start":{"line":10,"column":15},"end":{"line":23,"column":1}},"line":10}},"branchMap":{},"s":{"0":0,"1":0},"f":{"0":0},"b":{}}
,"C:\\UBB - University\\Sem 4\\MPP\\MPP Lab 1\\Lab1\\src\\ProductAdd.jsx": {"path":"C:\\UBB - University\\Sem 4\\MPP\\MPP Lab 1\\Lab1\\src\\ProductAdd.jsx","statementMap":{"0":{"start":{"line":4,"column":19},"end":{"line":73,"column":1}},"1":{"start":{"line":6,"column":34},"end":{"line":11,"column":4}},"2":{"start":{"line":13,"column":23},"end":{"line":15,"column":3}},"3":{"start":{"line":14,"column":4},"end":{"line":14,"column":66}},"4":{"start":{"line":17,"column":23},"end":{"line":19,"column":3}},"5":{"start":{"line":18,"column":4},"end":{"line":18,"column":82}},"6":{"start":{"line":21,"column":2},"end":{"line":72,"column":3}},"7":{"start":{"line":66,"column":16},"end":{"line":66,"column":30}}},"fnMap":{"0":{"name":"(anonymous_0)","decl":{"start":{"line":4,"column":19},"end":{"line":4,"column":20}},"loc":{"start":{"line":4,"column":30},"end":{"line":73,"column":1}},"line":4},"1":{"name":"(anonymous_1)","decl":{"start":{"line":13,"column":23},"end":{"line":13,"column":24}},"loc":{"start":{"line":13,"column":30},"end":{"line":15,"column":3}},"line":13},"2":{"name":"(anonymous_2)","decl":{"start":{"line":17,"column":23},"end":{"line":17,"column":24}},"loc":{"start":{"line":17,"column":30},"end":{"line":19,"column":3}},"line":17},"3":{"name":"(anonymous_3)","decl":{"start":{"line":66,"column":10},"end":{"line":66,"column":11}},"loc":{"start":{"line":66,"column":16},"end":{"line":66,"column":30}},"line":66}},"branchMap":{},"s":{"0":0,"1":0,"2":0,"3":0,"4":0,"5":0,"6":0,"7":0},"f":{"0":0,"1":0,"2":0,"3":0},"b":{}}
,"C:\\UBB - University\\Sem 4\\MPP\\MPP Lab 1\\Lab1\\src\\ProductDetails.jsx": {"path":"C:\\UBB - University\\Sem 4\\MPP\\MPP Lab 1\\Lab1\\src\\ProductDetails.jsx","statementMap":{"0":{"start":{"line":5,"column":23},"end":{"line":44,"column":1}},"1":{"start":{"line":6,"column":17},"end":{"line":6,"column":28}},"2":{"start":{"line":7,"column":18},"end":{"line":7,"column":74}},"3":{"start":{"line":7,"column":46},"end":{"line":7,"column":73}},"4":{"start":{"line":9,"column":2},"end":{"line":11,"column":3}},"5":{"start":{"line":10,"column":4},"end":{"line":10,"column":81}},"6":{"start":{"line":13,"column":2},"end":{"line":43,"column":4}}},"fnMap":{"0":{"name":"(anonymous_0)","decl":{"start":{"line":5,"column":23},"end":{"line":5,"column":24}},"loc":{"start":{"line":5,"column":34},"end":{"line":44,"column":1}},"line":5},"1":{"name":"(anonymous_1)","decl":{"start":{"line":7,"column":35},"end":{"line":7,"column":36}},"loc":{"start":{"line":7,"column":46},"end":{"line":7,"column":73}},"line":7}},"branchMap":{"0":{"loc":{"start":{"line":9,"column":2},"end":{"line":11,"column":3}},"type":"if","locations":[{"start":{"line":9,"column":2},"end":{"line":11,"column":3}},{"start":{},"end":{}}],"line":9}},"s":{"0":0,"1":0,"2":0,"3":0,"4":0,"5":0,"6":0},"f":{"0":0,"1":0},"b":{"0":[0,0]}}
,"C:\\UBB - University\\Sem 4\\MPP\\MPP Lab 1\\Lab1\\src\\ProductEdit.jsx": {"path":"C:\\UBB - University\\Sem 4\\MPP\\MPP Lab 1\\Lab1\\src\\ProductEdit.jsx","statementMap":{"0":{"start":{"line":5,"column":20},"end":{"line":89,"column":1}},"1":{"start":{"line":6,"column":17},"end":{"line":6,"column":28}},"2":{"start":{"line":7,"column":34},"end":{"line":14,"column":4}},"3":{"start":{"line":16,"column":2},"end":{"line":19,"column":24}},"4":{"start":{"line":17,"column":20},"end":{"line":17,"column":78}},"5":{"start":{"line":17,"column":50},"end":{"line":17,"column":77}},"6":{"start":{"line":18,"column":4},"end":{"line":18,"column":32}},"7":{"start":{"line":21,"column":23},"end":{"line":24,"column":3}},"8":{"start":{"line":22,"column":4},"end":{"line":22,"column":66}},"9":{"start":{"line":26,"column":23},"end":{"line":35,"column":3}},"10":{"start":{"line":27,"column":28},"end":{"line":32,"column":6}},"11":{"start":{"line":28,"column":6},"end":{"line":30,"column":7}},"12":{"start":{"line":29,"column":8},"end":{"line":29,"column":31}},"13":{"start":{"line":31,"column":6},"end":{"line":31,"column":21}},"14":{"start":{"line":33,"column":4},"end":{"line":33,"column":36}},"15":{"start":{"line":37,"column":2},"end":{"line":88,"column":3}},"16":{"start":{"line":82,"column":16},"end":{"line":82,"column":30}}},"fnMap":{"0":{"name":"(anonymous_0)","decl":{"start":{"line":5,"column":20},"end":{"line":5,"column":21}},"loc":{"start":{"line":5,"column":31},"end":{"line":89,"column":1}},"line":5},"1":{"name":"(anonymous_1)","decl":{"start":{"line":16,"column":12},"end":{"line":16,"column":13}},"loc":{"start":{"line":16,"column":18},"end":{"line":19,"column":3}},"line":16},"2":{"name":"(anonymous_2)","decl":{"start":{"line":17,"column":37},"end":{"line":17,"column":38}},"loc":{"start":{"line":17,"column":50},"end":{"line":17,"column":77}},"line":17},"3":{"name":"(anonymous_3)","decl":{"start":{"line":21,"column":23},"end":{"line":21,"column":24}},"loc":{"start":{"line":21,"column":30},"end":{"line":24,"column":3}},"line":21},"4":{"name":"(anonymous_4)","decl":{"start":{"line":26,"column":23},"end":{"line":26,"column":24}},"loc":{"start":{"line":26,"column":30},"end":{"line":35,"column":3}},"line":26},"5":{"name":"(anonymous_5)","decl":{"start":{"line":27,"column":44},"end":{"line":27,"column":45}},"loc":{"start":{"line":27,"column":57},"end":{"line":32,"column":5}},"line":27},"6":{"name":"(anonymous_6)","decl":{"start":{"line":82,"column":10},"end":{"line":82,"column":11}},"loc":{"start":{"line":82,"column":16},"end":{"line":82,"column":30}},"line":82}},"branchMap":{"0":{"loc":{"start":{"line":28,"column":6},"end":{"line":30,"column":7}},"type":"if","locations":[{"start":{"line":28,"column":6},"end":{"line":30,"column":7}},{"start":{},"end":{}}],"line":28}},"s":{"0":0,"1":0,"2":0,"3":0,"4":0,"5":0,"6":0,"7":0,"8":0,"9":0,"10":0,"11":0,"12":0,"13":0,"14":0,"15":0,"16":0},"f":{"0":0,"1":0,"2":0,"3":0,"4":0,"5":0,"6":0},"b":{"0":[0,0]}}
,"C:\\UBB - University\\Sem 4\\MPP\\MPP Lab 1\\Lab1\\src\\Table.jsx": {"path":"C:\\UBB - University\\Sem 4\\MPP\\MPP Lab 1\\Lab1\\src\\Table.jsx","statementMap":{"0":{"start":{"line":11,"column":23},"end":{"line":14,"column":3}},"1":{"start":{"line":12,"column":28},"end":{"line":12,"column":78}},"2":{"start":{"line":12,"column":60},"end":{"line":12,"column":77}},"3":{"start":{"line":13,"column":4},"end":{"line":13,"column":36}},"4":{"start":{"line":16,"column":2},"end":{"line":59,"column":3}},"5":{"start":{"line":30,"column":12},"end":{"line":49,"column":17}},"6":{"start":{"line":44,"column":39},"end":{"line":44,"column":63}}},"fnMap":{"0":{"name":"Table","decl":{"start":{"line":9,"column":9},"end":{"line":9,"column":14}},"loc":{"start":{"line":9,"column":24},"end":{"line":60,"column":1}},"line":9},"1":{"name":"(anonymous_1)","decl":{"start":{"line":11,"column":23},"end":{"line":11,"column":24}},"loc":{"start":{"line":11,"column":31},"end":{"line":14,"column":3}},"line":11},"2":{"name":"(anonymous_2)","decl":{"start":{"line":12,"column":47},"end":{"line":12,"column":48}},"loc":{"start":{"line":12,"column":60},"end":{"line":12,"column":77}},"line":12},"3":{"name":"(anonymous_3)","decl":{"start":{"line":29,"column":27},"end":{"line":29,"column":28}},"loc":{"start":{"line":30,"column":12},"end":{"line":49,"column":17}},"line":30},"4":{"name":"(anonymous_4)","decl":{"start":{"line":44,"column":33},"end":{"line":44,"column":34}},"loc":{"start":{"line":44,"column":39},"end":{"line":44,"column":63}},"line":44}},"branchMap":{},"s":{"0":6,"1":0,"2":0,"3":0,"4":6,"5":15,"6":0},"f":{"0":6,"1":0,"2":0,"3":15,"4":0},"b":{},"_coverageSchema":"1a1c01bbd47fc00a2c39e90264f33305004495a9","hash":"ff712051980803e4ff1a4ffdc01266a0fdfcb119"}
,"C:\\UBB - University\\Sem 4\\MPP\\MPP Lab 1\\Lab1\\src\\main.jsx": {"path":"C:\\UBB - University\\Sem 4\\MPP\\MPP Lab 1\\Lab1\\src\\main.jsx","statementMap":{"0":{"start":{"line":10,"column":0},"end":{"line":14,"column":1}}},"fnMap":{},"branchMap":{},"s":{"0":0},"f":{},"b":{}}
}
